# JRE version: OpenJDK Runtime Environment (8.0_152-b01) (build 1.8.0_152-release-915-b01)
# Java VM: OpenJDK 64-Bit Server VM (25.152-b01 mixed mode linux-amd64 compressed oops)
Heap:
 PSYoungGen      total 232960K, used 30933K [0x00000000eab00000, 0x0000000100000000, 0x0000000100000000)
  eden space 116736K, 0% used [0x00000000eab00000,0x00000000eab00000,0x00000000f1d00000)
  from space 116224K, 26% used [0x00000000f8e80000,0x00000000facb5538,0x0000000100000000)
  to   space 116224K, 0% used [0x00000000f1d00000,0x00000000f1d00000,0x00000000f8e80000)
 ParOldGen       total 449536K, used 449421K [0x00000000c0000000, 0x00000000db700000, 0x00000000eab00000)
  object space 449536K, 99% used [0x00000000c0000000,0x00000000db6e3688,0x00000000db700000)
 Metaspace       used 6572K, capacity 7344K, committed 7552K, reserved 1056768K
  class space    used 601K, capacity 616K, committed 640K, reserved 1048576K
GC Heap History (10 events):
Event: 201.056 GC heap after
Heap after GC invocations=28 (full 4):
 PSYoungGen      total 237568K, used 34856K [0x00000000eab00000, 0x0000000100000000, 0x0000000100000000)
  eden space 122880K, 0% used [0x00000000eab00000,0x00000000eab00000,0x00000000f2300000)
  from space 114688K, 30% used [0x00000000f8d00000,0x00000000faf0a180,0x00000000ffd00000)
  to   space 108544K, 0% used [0x00000000f2300000,0x00000000f2300000,0x00000000f8d00000)
 ParOldGen       total 449536K, used 376162K [0x00000000c0000000, 0x00000000db700000, 0x00000000eab00000)
  object space 449536K, 83% used [0x00000000c0000000,0x00000000d6f58980,0x00000000db700000)
 Metaspace       used 6572K, capacity 7344K, committed 7552K, reserved 1056768K
  class space    used 601K, capacity 616K, committed 640K, reserved 1048576K
}
Event: 206.596 GC heap before
{Heap before GC invocations=29 (full 4):
 PSYoungGen      total 237568K, used 157736K [0x00000000eab00000, 0x0000000100000000, 0x0000000100000000)
  eden space 122880K, 100% used [0x00000000eab00000,0x00000000f2300000,0x00000000f2300000)
  from space 114688K, 30% used [0x00000000f8d00000,0x00000000faf0a180,0x00000000ffd00000)
  to   space 108544K, 0% used [0x00000000f2300000,0x00000000f2300000,0x00000000f8d00000)
 ParOldGen       total 449536K, used 376162K [0x00000000c0000000, 0x00000000db700000, 0x00000000eab00000)
  object space 449536K, 83% used [0x00000000c0000000,0x00000000d6f58980,0x00000000db700000)
 Metaspace       used 6572K, capacity 7344K, committed 7552K, reserved 1056768K
  class space    used 601K, capacity 616K, committed 640K, reserved 1048576K
Event: 207.270 GC heap after
Heap after GC invocations=29 (full 4):
 PSYoungGen      total 231424K, used 51818K [0x00000000eab00000, 0x00000000ff500000, 0x0000000100000000)
  eden space 122880K, 0% used [0x00000000eab00000,0x00000000eab00000,0x00000000f2300000)
  from space 108544K, 47% used [0x00000000f2300000,0x00000000f559aaa8,0x00000000f8d00000)
  to   space 105984K, 0% used [0x00000000f8d80000,0x00000000f8d80000,0x00000000ff500000)
 ParOldGen       total 449536K, used 376162K [0x00000000c0000000, 0x00000000db700000, 0x00000000eab00000)
  object space 449536K, 83% used [0x00000000c0000000,0x00000000d6f58980,0x00000000db700000)
 Metaspace       used 6572K, capacity 7344K, committed 7552K, reserved 1056768K
  class space    used 601K, capacity 616K, committed 640K, reserved 1048576K
}
Event: 212.323 GC heap before
{Heap before GC invocations=30 (full 4):
 PSYoungGen      total 231424K, used 174698K [0x00000000eab00000, 0x00000000ff500000, 0x0000000100000000)
  eden space 122880K, 100% used [0x00000000eab00000,0x00000000f2300000,0x00000000f2300000)
  from space 108544K, 47% used [0x00000000f2300000,0x00000000f559aaa8,0x00000000f8d00000)
  to   space 105984K, 0% used [0x00000000f8d80000,0x00000000f8d80000,0x00000000ff500000)
 ParOldGen       total 449536K, used 376162K [0x00000000c0000000, 0x00000000db700000, 0x00000000eab00000)
  object space 449536K, 83% used [0x00000000c0000000,0x00000000d6f58980,0x00000000db700000)
 Metaspace       used 6572K, capacity 7344K, committed 7552K, reserved 1056768K
  class space    used 601K, capacity 616K, committed 640K, reserved 1048576K
Event: 213.461 GC heap after
Heap after GC invocations=30 (full 4):
 PSYoungGen      total 227840K, used 69904K [0x00000000eab00000, 0x0000000100000000, 0x0000000100000000)
  eden space 121856K, 0% used [0x00000000eab00000,0x00000000eab00000,0x00000000f2200000)
  from space 105984K, 65% used [0x00000000f8d80000,0x00000000fd1c41d8,0x00000000ff500000)
  to   space 110080K, 0% used [0x00000000f2200000,0x00000000f2200000,0x00000000f8d80000)
 ParOldGen       total 449536K, used 376162K [0x00000000c0000000, 0x00000000db700000, 0x00000000eab00000)
  object space 449536K, 83% used [0x00000000c0000000,0x00000000d6f58980,0x00000000db700000)
 Metaspace       used 6572K, capacity 7344K, committed 7552K, reserved 1056768K
  class space    used 601K, capacity 616K, committed 640K, reserved 1048576K
}
Event: 219.042 GC heap before
{Heap before GC invocations=31 (full 4):
 PSYoungGen      total 227840K, used 191760K [0x00000000eab00000, 0x0000000100000000, 0x0000000100000000)
  eden space 121856K, 100% used [0x00000000eab00000,0x00000000f2200000,0x00000000f2200000)
  from space 105984K, 65% used [0x00000000f8d80000,0x00000000fd1c41d8,0x00000000ff500000)
  to   space 110080K, 0% used [0x00000000f2200000,0x00000000f2200000,0x00000000f8d80000)
 ParOldGen       total 449536K, used 376162K [0x00000000c0000000, 0x00000000db700000, 0x00000000eab00000)
  object space 449536K, 83% used [0x00000000c0000000,0x00000000d6f58980,0x00000000db700000)
 Metaspace       used 6572K, capacity 7344K, committed 7552K, reserved 1056768K
  class space    used 601K, capacity 616K, committed 640K, reserved 1048576K
Event: 220.054 GC heap after
Heap after GC invocations=31 (full 4):
 PSYoungGen      total 231936K, used 86930K [0x00000000eab00000, 0x0000000100000000, 0x0000000100000000)
  eden space 121856K, 0% used [0x00000000eab00000,0x00000000eab00000,0x00000000f2200000)
  from space 110080K, 78% used [0x00000000f2200000,0x00000000f76e4a98,0x00000000f8d80000)
  to   space 116224K, 0% used [0x00000000f8e80000,0x00000000f8e80000,0x0000000100000000)
 ParOldGen       total 449536K, used 376162K [0x00000000c0000000, 0x00000000db700000, 0x00000000eab00000)
  object space 449536K, 83% used [0x00000000c0000000,0x00000000d6f58980,0x00000000db700000)
 Metaspace       used 6572K, capacity 7344K, committed 7552K, reserved 1056768K
  class space    used 601K, capacity 616K, committed 640K, reserved 1048576K
}
Event: 225.251 GC heap before
{Heap before GC invocations=32 (full 4):
 PSYoungGen      total 231936K, used 208786K [0x00000000eab00000, 0x0000000100000000, 0x0000000100000000)
  eden space 121856K, 100% used [0x00000000eab00000,0x00000000f2200000,0x00000000f2200000)
  from space 110080K, 78% used [0x00000000f2200000,0x00000000f76e4a98,0x00000000f8d80000)
  to   space 116224K, 0% used [0x00000000f8e80000,0x00000000f8e80000,0x0000000100000000)
 ParOldGen       total 449536K, used 376162K [0x00000000c0000000, 0x00000000db700000, 0x00000000eab00000)
  object space 449536K, 83% used [0x00000000c0000000,0x00000000d6f58980,0x00000000db700000)
 Metaspace       used 6572K, capacity 7344K, committed 7552K, reserved 1056768K
  class space    used 601K, capacity 616K, committed 640K, reserved 1048576K
Event: 226.995 GC heap after
Heap after GC invocations=32 (full 4):
 PSYoungGen      total 232960K, used 72018K [0x00000000eab00000, 0x0000000100000000, 0x0000000100000000)
  eden space 116736K, 0% used [0x00000000eab00000,0x00000000eab00000,0x00000000f1d00000)
  from space 116224K, 61% used [0x00000000f8e80000,0x00000000fd4d48d0,0x0000000100000000)
  to   space 116224K, 0% used [0x00000000f1d00000,0x00000000f1d00000,0x00000000f8e80000)
 ParOldGen       total 449536K, used 409965K [0x00000000c0000000, 0x00000000db700000, 0x00000000eab00000)
  object space 449536K, 91% used [0x00000000c0000000,0x00000000d905b668,0x00000000db700000)
 Metaspace       used 6572K, capacity 7344K, committed 7552K, reserved 1056768K
  class space    used 601K, capacity 616K, committed 640K, reserved 1048576K
}
Event: 226.995 GC heap before
{Heap before GC invocations=33 (full 5):
 PSYoungGen      total 232960K, used 72018K [0x00000000eab00000, 0x0000000100000000, 0x0000000100000000)
  eden space 116736K, 0% used [0x00000000eab00000,0x00000000eab00000,0x00000000f1d00000)
  from space 116224K, 61% used [0x00000000f8e80000,0x00000000fd4d48d0,0x0000000100000000)
  to   space 116224K, 0% used [0x00000000f1d00000,0x00000000f1d00000,0x00000000f8e80000)
 ParOldGen       total 449536K, used 409965K [0x00000000c0000000, 0x00000000db700000, 0x00000000eab00000)
  object space 449536K, 91% used [0x00000000c0000000,0x00000000d905b668,0x00000000db700000)
 Metaspace       used 6572K, capacity 7344K, committed 7552K, reserved 1056768K
  class space    used 601K, capacity 616K, committed 640K, reserved 1048576K

