# JRE version: OpenJDK Runtime Environment (8.0_152-b01) (build 1.8.0_152-release-915-b01)
# Java VM: OpenJDK 64-Bit Server VM (25.152-b01 mixed mode linux-amd64 compressed oops)
Heap:
 PSYoungGen      total 465920K, used 28785K [0x00000000d5580000, 0x0000000100000000, 0x0000000100000000)
  eden space 232960K, 0% used [0x00000000d5580000,0x00000000d5580000,0x00000000e3900000)
  from space 232960K, 12% used [0x00000000e3900000,0x00000000e551c578,0x00000000f1c80000)
  to   space 229376K, 0% used [0x00000000f2000000,0x00000000f2000000,0x0000000100000000)
 ParOldGen       total 723968K, used 723694K [0x0000000080000000, 0x00000000ac300000, 0x00000000d5580000)
  object space 723968K, 99% used [0x0000000080000000,0x00000000ac2bb9a0,0x00000000ac300000)
 Metaspace       used 6681K, capacity 7320K, committed 7680K, reserved 1056768K
  class space    used 611K, capacity 656K, committed 768K, reserved 1048576K
GC Heap History (10 events):
Event: 109.843 GC heap after
Heap after GC invocations=22 (full 5):
 PSYoungGen      total 452096K, used 104068K [0x00000000d5580000, 0x0000000100000000, 0x0000000100000000)
  eden space 347648K, 0% used [0x00000000d5580000,0x00000000d5580000,0x00000000ea900000)
  from space 104448K, 99% used [0x00000000ea900000,0x00000000f0ea12e8,0x00000000f0f00000)
  to   space 178688K, 0% used [0x00000000f5180000,0x00000000f5180000,0x0000000100000000)
 ParOldGen       total 723968K, used 492987K [0x0000000080000000, 0x00000000ac300000, 0x00000000d5580000)
  object space 723968K, 68% used [0x0000000080000000,0x000000009e16eca8,0x00000000ac300000)
 Metaspace       used 6672K, capacity 7320K, committed 7680K, reserved 1056768K
  class space    used 610K, capacity 656K, committed 768K, reserved 1048576K
}
Event: 115.044 GC heap before
{Heap before GC invocations=23 (full 5):
 PSYoungGen      total 452096K, used 451716K [0x00000000d5580000, 0x0000000100000000, 0x0000000100000000)
  eden space 347648K, 100% used [0x00000000d5580000,0x00000000ea900000,0x00000000ea900000)
  from space 104448K, 99% used [0x00000000ea900000,0x00000000f0ea12e8,0x00000000f0f00000)
  to   space 178688K, 0% used [0x00000000f5180000,0x00000000f5180000,0x0000000100000000)
 ParOldGen       total 723968K, used 492987K [0x0000000080000000, 0x00000000ac300000, 0x00000000d5580000)
  object space 723968K, 68% used [0x0000000080000000,0x000000009e16eca8,0x00000000ac300000)
 Metaspace       used 6672K, capacity 7320K, committed 7680K, reserved 1056768K
  class space    used 610K, capacity 656K, committed 768K, reserved 1048576K
Event: 115.671 GC heap after
Heap after GC invocations=23 (full 5):
 PSYoungGen      total 478208K, used 155396K [0x00000000d5580000, 0x0000000100000000, 0x0000000100000000)
  eden space 299520K, 0% used [0x00000000d5580000,0x00000000d5580000,0x00000000e7a00000)
  from space 178688K, 86% used [0x00000000f5180000,0x00000000fe941038,0x0000000100000000)
  to   space 199680K, 0% used [0x00000000e7a00000,0x00000000e7a00000,0x00000000f3d00000)
 ParOldGen       total 723968K, used 492987K [0x0000000080000000, 0x00000000ac300000, 0x00000000d5580000)
  object space 723968K, 68% used [0x0000000080000000,0x000000009e16eca8,0x00000000ac300000)
 Metaspace       used 6672K, capacity 7320K, committed 7680K, reserved 1056768K
  class space    used 610K, capacity 656K, committed 768K, reserved 1048576K
}
Event: 130.166 GC heap before
{Heap before GC invocations=24 (full 5):
 PSYoungGen      total 478208K, used 454916K [0x00000000d5580000, 0x0000000100000000, 0x0000000100000000)
  eden space 299520K, 100% used [0x00000000d5580000,0x00000000e7a00000,0x00000000e7a00000)
  from space 178688K, 86% used [0x00000000f5180000,0x00000000fe941038,0x0000000100000000)
  to   space 199680K, 0% used [0x00000000e7a00000,0x00000000e7a00000,0x00000000f3d00000)
 ParOldGen       total 723968K, used 492987K [0x0000000080000000, 0x00000000ac300000, 0x00000000d5580000)
  object space 723968K, 68% used [0x0000000080000000,0x000000009e16eca8,0x00000000ac300000)
 Metaspace       used 6681K, capacity 7320K, committed 7680K, reserved 1056768K
  class space    used 611K, capacity 656K, committed 768K, reserved 1048576K
Event: 131.244 GC heap after
Heap after GC invocations=24 (full 5):
 PSYoungGen      total 499200K, used 199674K [0x00000000d5580000, 0x0000000100000000, 0x0000000100000000)
  eden space 299520K, 0% used [0x00000000d5580000,0x00000000d5580000,0x00000000e7a00000)
  from space 199680K, 99% used [0x00000000e7a00000,0x00000000f3cfe928,0x00000000f3d00000)
  to   space 199680K, 0% used [0x00000000f3d00000,0x00000000f3d00000,0x0000000100000000)
 ParOldGen       total 723968K, used 498914K [0x0000000080000000, 0x00000000ac300000, 0x00000000d5580000)
  object space 723968K, 68% used [0x0000000080000000,0x000000009e738938,0x00000000ac300000)
 Metaspace       used 6681K, capacity 7320K, committed 7680K, reserved 1056768K
  class space    used 611K, capacity 656K, committed 768K, reserved 1048576K
}
Event: 134.084 GC heap before
{Heap before GC invocations=25 (full 5):
 PSYoungGen      total 499200K, used 499194K [0x00000000d5580000, 0x0000000100000000, 0x0000000100000000)
  eden space 299520K, 100% used [0x00000000d5580000,0x00000000e7a00000,0x00000000e7a00000)
  from space 199680K, 99% used [0x00000000e7a00000,0x00000000f3cfe928,0x00000000f3d00000)
  to   space 199680K, 0% used [0x00000000f3d00000,0x00000000f3d00000,0x0000000100000000)
 ParOldGen       total 723968K, used 498914K [0x0000000080000000, 0x00000000ac300000, 0x00000000d5580000)
  object space 723968K, 68% used [0x0000000080000000,0x000000009e738938,0x00000000ac300000)
 Metaspace       used 6681K, capacity 7320K, committed 7680K, reserved 1056768K
  class space    used 611K, capacity 656K, committed 768K, reserved 1048576K
Event: 135.494 GC heap after
Heap after GC invocations=25 (full 5):
 PSYoungGen      total 432640K, used 146287K [0x00000000d5580000, 0x0000000100000000, 0x0000000100000000)
  eden space 232960K, 0% used [0x00000000d5580000,0x00000000d5580000,0x00000000e3900000)
  from space 199680K, 73% used [0x00000000f3d00000,0x00000000fcbdbdc0,0x0000000100000000)
  to   space 232960K, 0% used [0x00000000e3900000,0x00000000e3900000,0x00000000f1c80000)
 ParOldGen       total 723968K, used 560111K [0x0000000080000000, 0x00000000ac300000, 0x00000000d5580000)
  object space 723968K, 77% used [0x0000000080000000,0x00000000a22fbf38,0x00000000ac300000)
 Metaspace       used 6681K, capacity 7320K, committed 7680K, reserved 1056768K
  class space    used 611K, capacity 656K, committed 768K, reserved 1048576K
}
Event: 144.938 GC heap before
{Heap before GC invocations=26 (full 5):
 PSYoungGen      total 432640K, used 379247K [0x00000000d5580000, 0x0000000100000000, 0x0000000100000000)
  eden space 232960K, 100% used [0x00000000d5580000,0x00000000e3900000,0x00000000e3900000)
  from space 199680K, 73% used [0x00000000f3d00000,0x00000000fcbdbdc0,0x0000000100000000)
  to   space 232960K, 0% used [0x00000000e3900000,0x00000000e3900000,0x00000000f1c80000)
 ParOldGen       total 723968K, used 560111K [0x0000000080000000, 0x00000000ac300000, 0x00000000d5580000)
  object space 723968K, 77% used [0x0000000080000000,0x00000000a22fbf38,0x00000000ac300000)
 Metaspace       used 6681K, capacity 7320K, committed 7680K, reserved 1056768K
  class space    used 611K, capacity 656K, committed 768K, reserved 1048576K
Event: 145.938 GC heap after
Heap after GC invocations=26 (full 5):
 PSYoungGen      total 465920K, used 103137K [0x00000000d5580000, 0x0000000100000000, 0x0000000100000000)
  eden space 232960K, 0% used [0x00000000d5580000,0x00000000d5580000,0x00000000e3900000)
  from space 232960K, 44% used [0x00000000e3900000,0x00000000e9db84d8,0x00000000f1c80000)
  to   space 229376K, 0% used [0x00000000f2000000,0x00000000f2000000,0x0000000100000000)
 ParOldGen       total 723968K, used 653233K [0x0000000080000000, 0x00000000ac300000, 0x00000000d5580000)
  object space 723968K, 90% used [0x0000000080000000,0x00000000a7dec720,0x00000000ac300000)
 Metaspace       used 6681K, capacity 7320K, committed 7680K, reserved 1056768K
  class space    used 611K, capacity 656K, committed 768K, reserved 1048576K
}
Event: 145.938 GC heap before
{Heap before GC invocations=27 (full 6):
 PSYoungGen      total 465920K, used 103137K [0x00000000d5580000, 0x0000000100000000, 0x0000000100000000)
  eden space 232960K, 0% used [0x00000000d5580000,0x00000000d5580000,0x00000000e3900000)
  from space 232960K, 44% used [0x00000000e3900000,0x00000000e9db84d8,0x00000000f1c80000)
  to   space 229376K, 0% used [0x00000000f2000000,0x00000000f2000000,0x0000000100000000)
 ParOldGen       total 723968K, used 653233K [0x0000000080000000, 0x00000000ac300000, 0x00000000d5580000)
  object space 723968K, 90% used [0x0000000080000000,0x00000000a7dec720,0x00000000ac300000)
 Metaspace       used 6681K, capacity 7320K, committed 7680K, reserved 1056768K
  class space    used 611K, capacity 656K, committed 768K, reserved 1048576K

